2019-07-26 20:39:00,324 INFO - log_helper.log_helper - Finished configuring logger
2019-07-26 20:39:00,325 INFO - __main__ - Log file location: /home/wywongbd/autocluster/autocluster/log/metalearning_bechmark_2-2019-07-26_21-39-00-32442/meta.log
2019-07-26 20:39:00,325 INFO - __main__ - Script arguments: {'cutoff_time': 1000, 'log_dir_prefix': 'metalearning_bechmark_2', 'json_data_path_ls': ['../data/benchmark_data/g2-256-40.json', '../data/benchmark_data/g2-256-50.json', '../data/benchmark_data/g2-256-60.json', '../data/benchmark_data/g2-256-70.json', '../data/benchmark_data/g2-256-80.json', '../data/benchmark_data/g2-256-90.json', '../data/benchmark_data/g2-32-10.json', '../data/benchmark_data/g2-32-100.json', '../data/benchmark_data/g2-32-20.json', '../data/benchmark_data/g2-32-30.json', '../data/benchmark_data/g2-32-40.json', '../data/benchmark_data/g2-32-50.json', '../data/benchmark_data/g2-32-60.json', '../data/benchmark_data/g2-32-70.json', '../data/benchmark_data/g2-32-80.json', '../data/benchmark_data/g2-32-90.json', '../data/benchmark_data/g2-4-10.json', '../data/benchmark_data/g2-4-100.json', '../data/benchmark_data/g2-4-20.json', '../data/benchmark_data/g2-4-30.json', '../data/benchmark_data/g2-4-40.json', '../data/benchmark_data/g2-4-50.json', '../data/benchmark_data/g2-4-60.json', '../data/benchmark_data/g2-4-70.json', '../data/benchmark_data/g2-4-80.json', '../data/benchmark_data/g2-4-90.json', '../data/benchmark_data/g2-512-10.json', '../data/benchmark_data/g2-512-100.json', '../data/benchmark_data/g2-512-20.json', '../data/benchmark_data/g2-512-30.json', '../data/benchmark_data/g2-512-40.json', '../data/benchmark_data/g2-512-50.json', '../data/benchmark_data/g2-512-60.json', '../data/benchmark_data/g2-512-70.json', '../data/benchmark_data/g2-512-80.json', '../data/benchmark_data/g2-512-90.json', '../data/benchmark_data/g2-64-10.json', '../data/benchmark_data/g2-64-100.json', '../data/benchmark_data/g2-64-20.json', '../data/benchmark_data/g2-64-30.json', '../data/benchmark_data/g2-64-40.json', '../data/benchmark_data/g2-64-50.json', '../data/benchmark_data/g2-64-60.json', '../data/benchmark_data/g2-64-70.json', '../data/benchmark_data/g2-64-80.json', '../data/benchmark_data/g2-64-90.json', '../data/benchmark_data/g2-8-10.json', '../data/benchmark_data/g2-8-100.json', '../data/benchmark_data/g2-8-20.json', '../data/benchmark_data/g2-8-30.json', '../data/benchmark_data/g2-8-40.json', '../data/benchmark_data/g2-8-50.json', '../data/benchmark_data/g2-8-60.json', '../data/benchmark_data/g2-8-70.json', '../data/benchmark_data/g2-8-80.json', '../data/benchmark_data/g2-8-90.json', '../data/benchmark_data/s1.json', '../data/benchmark_data/s2.json', '../data/benchmark_data/s3.json', '../data/benchmark_data/s4.json', '../data/benchmark_data/unbalance.json'], 'raw_data_path_ls': ['../data/benchmark_data/g2-256-40.csv', '../data/benchmark_data/g2-256-50.csv', '../data/benchmark_data/g2-256-60.csv', '../data/benchmark_data/g2-256-70.csv', '../data/benchmark_data/g2-256-80.csv', '../data/benchmark_data/g2-256-90.csv', '../data/benchmark_data/g2-32-10.csv', '../data/benchmark_data/g2-32-100.csv', '../data/benchmark_data/g2-32-20.csv', '../data/benchmark_data/g2-32-30.csv', '../data/benchmark_data/g2-32-40.csv', '../data/benchmark_data/g2-32-50.csv', '../data/benchmark_data/g2-32-60.csv', '../data/benchmark_data/g2-32-70.csv', '../data/benchmark_data/g2-32-80.csv', '../data/benchmark_data/g2-32-90.csv', '../data/benchmark_data/g2-4-10.csv', '../data/benchmark_data/g2-4-100.csv', '../data/benchmark_data/g2-4-20.csv', '../data/benchmark_data/g2-4-30.csv', '../data/benchmark_data/g2-4-40.csv', '../data/benchmark_data/g2-4-50.csv', '../data/benchmark_data/g2-4-60.csv', '../data/benchmark_data/g2-4-70.csv', '../data/benchmark_data/g2-4-80.csv', '../data/benchmark_data/g2-4-90.csv', '../data/benchmark_data/g2-512-10.csv', '../data/benchmark_data/g2-512-100.csv', '../data/benchmark_data/g2-512-20.csv', '../data/benchmark_data/g2-512-30.csv', '../data/benchmark_data/g2-512-40.csv', '../data/benchmark_data/g2-512-50.csv', '../data/benchmark_data/g2-512-60.csv', '../data/benchmark_data/g2-512-70.csv', '../data/benchmark_data/g2-512-80.csv', '../data/benchmark_data/g2-512-90.csv', '../data/benchmark_data/g2-64-10.csv', '../data/benchmark_data/g2-64-100.csv', '../data/benchmark_data/g2-64-20.csv', '../data/benchmark_data/g2-64-30.csv', '../data/benchmark_data/g2-64-40.csv', '../data/benchmark_data/g2-64-50.csv', '../data/benchmark_data/g2-64-60.csv', '../data/benchmark_data/g2-64-70.csv', '../data/benchmark_data/g2-64-80.csv', '../data/benchmark_data/g2-64-90.csv', '../data/benchmark_data/g2-8-10.csv', '../data/benchmark_data/g2-8-100.csv', '../data/benchmark_data/g2-8-20.csv', '../data/benchmark_data/g2-8-30.csv', '../data/benchmark_data/g2-8-40.csv', '../data/benchmark_data/g2-8-50.csv', '../data/benchmark_data/g2-8-60.csv', '../data/benchmark_data/g2-8-70.csv', '../data/benchmark_data/g2-8-80.csv', '../data/benchmark_data/g2-8-90.csv', '../data/benchmark_data/s1.csv', '../data/benchmark_data/s2.csv', '../data/benchmark_data/s3.csv', '../data/benchmark_data/s4.csv', '../data/benchmark_data/unbalance.csv'], 'n_evaluations': 200, 'n_folds': 3, 'random_seed': 27}
2019-07-26 20:39:00,325 INFO - __main__ - Going to perform metalearning on the following 61 datasets: [('../data/benchmark_data/g2-8-20.csv', '../data/benchmark_data/g2-8-20.json'), ('../data/benchmark_data/g2-32-70.csv', '../data/benchmark_data/g2-32-70.json'), ('../data/benchmark_data/g2-4-90.csv', '../data/benchmark_data/g2-4-90.json'), ('../data/benchmark_data/g2-64-80.csv', '../data/benchmark_data/g2-64-80.json'), ('../data/benchmark_data/g2-4-20.csv', '../data/benchmark_data/g2-4-20.json'), ('../data/benchmark_data/g2-512-60.csv', '../data/benchmark_data/g2-512-60.json'), ('../data/benchmark_data/g2-32-60.csv', '../data/benchmark_data/g2-32-60.json'), ('../data/benchmark_data/g2-8-50.csv', '../data/benchmark_data/g2-8-50.json'), ('../data/benchmark_data/g2-32-30.csv', '../data/benchmark_data/g2-32-30.json'), ('../data/benchmark_data/g2-512-50.csv', '../data/benchmark_data/g2-512-50.json'), ('../data/benchmark_data/g2-4-50.csv', '../data/benchmark_data/g2-4-50.json'), ('../data/benchmark_data/g2-512-70.csv', '../data/benchmark_data/g2-512-70.json'), ('../data/benchmark_data/g2-64-40.csv', '../data/benchmark_data/g2-64-40.json'), ('../data/benchmark_data/g2-32-20.csv', '../data/benchmark_data/g2-32-20.json'), ('../data/benchmark_data/g2-8-100.csv', '../data/benchmark_data/g2-8-100.json'), ('../data/benchmark_data/g2-32-100.csv', '../data/benchmark_data/g2-32-100.json'), ('../data/benchmark_data/g2-512-10.csv', '../data/benchmark_data/g2-512-10.json'), ('../data/benchmark_data/g2-64-10.csv', '../data/benchmark_data/g2-64-10.json'), ('../data/benchmark_data/s3.csv', '../data/benchmark_data/s3.json'), ('../data/benchmark_data/s4.csv', '../data/benchmark_data/s4.json'), ('../data/benchmark_data/g2-256-50.csv', '../data/benchmark_data/g2-256-50.json'), ('../data/benchmark_data/g2-8-80.csv', '../data/benchmark_data/g2-8-80.json'), ('../data/benchmark_data/g2-8-10.csv', '../data/benchmark_data/g2-8-10.json'), ('../data/benchmark_data/g2-512-80.csv', '../data/benchmark_data/g2-512-80.json'), ('../data/benchmark_data/g2-64-30.csv', '../data/benchmark_data/g2-64-30.json'), ('../data/benchmark_data/g2-64-50.csv', '../data/benchmark_data/g2-64-50.json'), ('../data/benchmark_data/g2-8-30.csv', '../data/benchmark_data/g2-8-30.json'), ('../data/benchmark_data/g2-256-90.csv', '../data/benchmark_data/g2-256-90.json'), ('../data/benchmark_data/g2-32-80.csv', '../data/benchmark_data/g2-32-80.json'), ('../data/benchmark_data/g2-4-70.csv', '../data/benchmark_data/g2-4-70.json'), ('../data/benchmark_data/g2-4-80.csv', '../data/benchmark_data/g2-4-80.json'), ('../data/benchmark_data/g2-4-60.csv', '../data/benchmark_data/g2-4-60.json'), ('../data/benchmark_data/g2-4-40.csv', '../data/benchmark_data/g2-4-40.json'), ('../data/benchmark_data/g2-64-100.csv', '../data/benchmark_data/g2-64-100.json'), ('../data/benchmark_data/s1.csv', '../data/benchmark_data/s1.json'), ('../data/benchmark_data/g2-32-40.csv', '../data/benchmark_data/g2-32-40.json'), ('../data/benchmark_data/g2-64-70.csv', '../data/benchmark_data/g2-64-70.json'), ('../data/benchmark_data/g2-256-70.csv', '../data/benchmark_data/g2-256-70.json'), ('../data/benchmark_data/g2-256-80.csv', '../data/benchmark_data/g2-256-80.json'), ('../data/benchmark_data/g2-512-100.csv', '../data/benchmark_data/g2-512-100.json'), ('../data/benchmark_data/g2-512-20.csv', '../data/benchmark_data/g2-512-20.json'), ('../data/benchmark_data/g2-64-20.csv', '../data/benchmark_data/g2-64-20.json'), ('../data/benchmark_data/unbalance.csv', '../data/benchmark_data/unbalance.json'), ('../data/benchmark_data/g2-4-100.csv', '../data/benchmark_data/g2-4-100.json'), ('../data/benchmark_data/g2-4-10.csv', '../data/benchmark_data/g2-4-10.json'), ('../data/benchmark_data/g2-8-70.csv', '../data/benchmark_data/g2-8-70.json'), ('../data/benchmark_data/s2.csv', '../data/benchmark_data/s2.json'), ('../data/benchmark_data/g2-64-90.csv', '../data/benchmark_data/g2-64-90.json'), ('../data/benchmark_data/g2-256-60.csv', '../data/benchmark_data/g2-256-60.json'), ('../data/benchmark_data/g2-32-90.csv', '../data/benchmark_data/g2-32-90.json'), ('../data/benchmark_data/g2-8-90.csv', '../data/benchmark_data/g2-8-90.json'), ('../data/benchmark_data/g2-8-60.csv', '../data/benchmark_data/g2-8-60.json'), ('../data/benchmark_data/g2-256-40.csv', '../data/benchmark_data/g2-256-40.json'), ('../data/benchmark_data/g2-64-60.csv', '../data/benchmark_data/g2-64-60.json'), ('../data/benchmark_data/g2-512-90.csv', '../data/benchmark_data/g2-512-90.json'), ('../data/benchmark_data/g2-512-40.csv', '../data/benchmark_data/g2-512-40.json'), ('../data/benchmark_data/g2-4-30.csv', '../data/benchmark_data/g2-4-30.json'), ('../data/benchmark_data/g2-32-10.csv', '../data/benchmark_data/g2-32-10.json'), ('../data/benchmark_data/g2-32-50.csv', '../data/benchmark_data/g2-32-50.json'), ('../data/benchmark_data/g2-512-30.csv', '../data/benchmark_data/g2-512-30.json'), ('../data/benchmark_data/g2-8-40.csv', '../data/benchmark_data/g2-8-40.json')]
2019-07-26 20:39:00,326 INFO - __main__ - ITERATION 1 of 61
2019-07-26 20:39:00,326 INFO - __main__ - Optimizing hyperparameters using these files: ('../data/benchmark_data/g2-8-20.csv', '../data/benchmark_data/g2-8-20.json')
2019-07-26 20:39:00,517 INFO - __main__ - 1835/2047 datapoints remaining after outlier removal
2019-07-26 20:39:00,545 INFO - __main__ - Configuration space object:
  Hyperparameters:
    affinity___AffinityPropagation, Type: Categorical, Choices: {euclidean}, Default: euclidean
    affinity___AgglomerativeClustering, Type: Categorical, Choices: {euclidean, cityblock, l2, l1, manhattan, cosine}, Default: euclidean
    affinity___SpectralClustering, Type: Categorical, Choices: {nearest_neighbors, poly, sigmoid, laplacian, rbf}, Default: rbf
    algorithm___FastICA, Type: Categorical, Choices: {parallel, deflation}, Default: parallel
    algorithm___TruncatedSVD, Type: Categorical, Choices: {arpack, randomized}, Default: randomized
    assign_labels___SpectralClustering, Type: Categorical, Choices: {kmeans, discretize}, Default: kmeans
    bandwidth___MeanShift, Type: UniformFloat, Range: [0.1, 50.0], Default: 25.05
    batch_size___IncrementalPCA, Type: UniformInteger, Range: [10, 1000], Default: 100
    batch_size___MiniBatchKMeans, Type: UniformInteger, Range: [10, 1000], Default: 100
    bin_seeding___MeanShift, Type: Categorical, Choices: {True, False}, Default: False
    branching_factor___Birch, Type: UniformInteger, Range: [10, 1000], Default: 50
    cluster_method___OPTICS, Type: Categorical, Choices: {xi, dbscan}, Default: xi
    clustering_choice, Type: Categorical, Choices: {KMeans, GaussianMixture, Birch, MiniBatchKMeans, AgglomerativeClustering, OPTICS, SpectralClustering, DBSCAN, AffinityPropagation, MeanShift}, Default: KMeans
    covariance_type___GaussianMixture, Type: Categorical, Choices: {full, tied, diag, spherical}, Default: full
    damping___AffinityPropagation, Type: UniformFloat, Range: [0.5, 1.0], Default: 0.5
    dim_reduction_choice, Type: Categorical, Choices: {TSNE, PCA, IncrementalPCA, KernelPCA, FastICA, TruncatedSVD, NullModel}, Default: TSNE
    early_exaggeration___TSNE, Type: UniformFloat, Range: [5.0, 20.0], Default: 12.0
    eigen_solver___SpectralClustering, Type: Categorical, Choices: {arpack}, Default: arpack
    eps___DBSCAN, Type: UniformFloat, Range: [0.01, 5.0], Default: 0.01
    fun___FastICA, Type: Categorical, Choices: {logcosh, exp, cube}, Default: logcosh
    init_params___GaussianMixture, Type: Categorical, Choices: {kmeans, random}, Default: kmeans
    kernel___KernelPCA, Type: Categorical, Choices: {linear, poly, rbf, sigmoid, cosine}, Default: linear
    linkage___AgglomerativeClustering, Type: Categorical, Choices: {ward, complete, average, single}, Default: complete
    metric___OPTICS, Type: Categorical, Choices: {minkowski, euclidean, manhattan, l1, l2, cosine}, Default: minkowski
    min_samples___DBSCAN, Type: UniformInteger, Range: [5, 100], Default: 5
    min_samples___OPTICS, Type: UniformInteger, Range: [5, 1000], Default: 100
    n_clusters___AgglomerativeClustering, Type: UniformInteger, Range: [1, 80], Default: 10
    n_clusters___Birch, Type: UniformInteger, Range: [1, 80], Default: 5
    n_clusters___KMeans, Type: UniformInteger, Range: [1, 80], Default: 5
    n_clusters___MiniBatchKMeans, Type: UniformInteger, Range: [1, 80], Default: 10
    n_clusters___SpectralClustering, Type: UniformInteger, Range: [1, 80], Default: 10
    n_components___FastICA, Type: Ordinal, Sequence: {2, 3}, Default: 2
    n_components___GaussianMixture, Type: UniformInteger, Range: [1, 80], Default: 5
    n_components___IncrementalPCA, Type: Ordinal, Sequence: {2, 3}, Default: 2
    n_components___KernelPCA, Type: Ordinal, Sequence: {2, 3, 4, 5, 6, 7, 8, 9}, Default: 2
    n_components___PCA, Type: Ordinal, Sequence: {2, 3}, Default: 2
    n_components___TSNE, Type: Ordinal, Sequence: {2}, Default: 2
    n_components___TruncatedSVD, Type: Ordinal, Sequence: {2, 3, 4, 5, 6, 7, 8, 9}, Default: 2
    perplexity___TSNE, Type: UniformFloat, Range: [1.0, 300.0], Default: 30.0
    random_state___NullModel, Type: Ordinal, Sequence: {0, 1}, Default: 1
    svd_solver___PCA, Type: Categorical, Choices: {auto, full, arpack, randomized}, Default: auto
    warm_start___GaussianMixture, Type: Categorical, Choices: {True, False}, Default: False
    whiten___FastICA, Type: Categorical, Choices: {True, False}, Default: True
    whiten___IncrementalPCA, Type: Categorical, Choices: {True, False}, Default: False
    whiten___PCA, Type: Categorical, Choices: {True, False}, Default: False
  Conditions:
    affinity___AffinityPropagation | clustering_choice in {'AffinityPropagation'}
    affinity___AgglomerativeClustering | clustering_choice in {'AgglomerativeClustering'}
    affinity___SpectralClustering | clustering_choice in {'SpectralClustering'}
    algorithm___FastICA | dim_reduction_choice in {'FastICA'}
    algorithm___TruncatedSVD | dim_reduction_choice in {'TruncatedSVD'}
    assign_labels___SpectralClustering | clustering_choice in {'SpectralClustering'}
    bandwidth___MeanShift | clustering_choice in {'MeanShift'}
    batch_size___IncrementalPCA | dim_reduction_choice in {'IncrementalPCA'}
    batch_size___MiniBatchKMeans | clustering_choice in {'MiniBatchKMeans'}
    bin_seeding___MeanShift | clustering_choice in {'MeanShift'}
    branching_factor___Birch | clustering_choice in {'Birch'}
    cluster_method___OPTICS | clustering_choice in {'OPTICS'}
    covariance_type___GaussianMixture | clustering_choice in {'GaussianMixture'}
    damping___AffinityPropagation | clustering_choice in {'AffinityPropagation'}
    early_exaggeration___TSNE | dim_reduction_choice in {'TSNE'}
    eigen_solver___SpectralClustering | clustering_choice in {'SpectralClustering'}
    eps___DBSCAN | clustering_choice in {'DBSCAN'}
    fun___FastICA | dim_reduction_choice in {'FastICA'}
    init_params___GaussianMixture | clustering_choice in {'GaussianMixture'}
    kernel___KernelPCA | dim_reduction_choice in {'KernelPCA'}
    linkage___AgglomerativeClustering | clustering_choice in {'AgglomerativeClustering'}
    metric___OPTICS | clustering_choice in {'OPTICS'}
    min_samples___DBSCAN | clustering_choice in {'DBSCAN'}
    min_samples___OPTICS | clustering_choice in {'OPTICS'}
    n_clusters___AgglomerativeClustering | clustering_choice in {'AgglomerativeClustering'}
    n_clusters___Birch | clustering_choice in {'Birch'}
    n_clusters___KMeans | clustering_choice in {'KMeans'}
    n_clusters___MiniBatchKMeans | clustering_choice in {'MiniBatchKMeans'}
    n_clusters___SpectralClustering | clustering_choice in {'SpectralClustering'}
    n_components___FastICA | dim_reduction_choice in {'FastICA'}
    n_components___GaussianMixture | clustering_choice in {'GaussianMixture'}
    n_components___IncrementalPCA | dim_reduction_choice in {'IncrementalPCA'}
    n_components___KernelPCA | dim_reduction_choice in {'KernelPCA'}
    n_components___PCA | dim_reduction_choice in {'PCA'}
    n_components___TSNE | dim_reduction_choice in {'TSNE'}
    n_components___TruncatedSVD | dim_reduction_choice in {'TruncatedSVD'}
    perplexity___TSNE | dim_reduction_choice in {'TSNE'}
    random_state___NullModel | dim_reduction_choice in {'NullModel'}
    svd_solver___PCA | dim_reduction_choice in {'PCA'}
    warm_start___GaussianMixture | clustering_choice in {'GaussianMixture'}
    whiten___FastICA | dim_reduction_choice in {'FastICA'}
    whiten___IncrementalPCA | dim_reduction_choice in {'IncrementalPCA'}
    whiten___PCA | dim_reduction_choice in {'PCA'}
  Forbidden Clauses:
    (Forbidden: linkage___AgglomerativeClustering == 'ward' && Forbidden: affinity___AgglomerativeClustering in {'cityblock', 'cosine', 'l1', 'l2', 'manhattan'})

2019-07-26 20:39:00,604 INFO - __main__ - Truncated n_evaluations: 160
2019-07-26 20:39:00,608 INFO - smac.utils.io.cmd_reader.CMDReader - Output to log//metalearning_bechmark_2-2019-07-26_21-39-00-32442/smac-2019-07-26_21-39-00-60452
2019-07-26 20:39:00,608 INFO - __main__ - {'cs': Configuration space object:
  Hyperparameters:
    affinity___AffinityPropagation, Type: Categorical, Choices: {euclidean}, Default: euclidean
    affinity___AgglomerativeClustering, Type: Categorical, Choices: {euclidean, cityblock, l2, l1, manhattan, cosine}, Default: euclidean
    affinity___SpectralClustering, Type: Categorical, Choices: {nearest_neighbors, poly, sigmoid, laplacian, rbf}, Default: rbf
    algorithm___FastICA, Type: Categorical, Choices: {parallel, deflation}, Default: parallel
    algorithm___TruncatedSVD, Type: Categorical, Choices: {arpack, randomized}, Default: randomized
    assign_labels___SpectralClustering, Type: Categorical, Choices: {kmeans, discretize}, Default: kmeans
    bandwidth___MeanShift, Type: UniformFloat, Range: [0.1, 50.0], Default: 25.05
    batch_size___IncrementalPCA, Type: UniformInteger, Range: [10, 1000], Default: 100
    batch_size___MiniBatchKMeans, Type: UniformInteger, Range: [10, 1000], Default: 100
    bin_seeding___MeanShift, Type: Categorical, Choices: {True, False}, Default: False
    branching_factor___Birch, Type: UniformInteger, Range: [10, 1000], Default: 50
    cluster_method___OPTICS, Type: Categorical, Choices: {xi, dbscan}, Default: xi
    clustering_choice, Type: Categorical, Choices: {KMeans, GaussianMixture, Birch, MiniBatchKMeans, AgglomerativeClustering, OPTICS, SpectralClustering, DBSCAN, AffinityPropagation, MeanShift}, Default: KMeans
    covariance_type___GaussianMixture, Type: Categorical, Choices: {full, tied, diag, spherical}, Default: full
    damping___AffinityPropagation, Type: UniformFloat, Range: [0.5, 1.0], Default: 0.5
    dim_reduction_choice, Type: Categorical, Choices: {TSNE, PCA, IncrementalPCA, KernelPCA, FastICA, TruncatedSVD, NullModel}, Default: TSNE
    early_exaggeration___TSNE, Type: UniformFloat, Range: [5.0, 20.0], Default: 12.0
    eigen_solver___SpectralClustering, Type: Categorical, Choices: {arpack}, Default: arpack
    eps___DBSCAN, Type: UniformFloat, Range: [0.01, 5.0], Default: 0.01
    fun___FastICA, Type: Categorical, Choices: {logcosh, exp, cube}, Default: logcosh
    init_params___GaussianMixture, Type: Categorical, Choices: {kmeans, random}, Default: kmeans
    kernel___KernelPCA, Type: Categorical, Choices: {linear, poly, rbf, sigmoid, cosine}, Default: linear
    linkage___AgglomerativeClustering, Type: Categorical, Choices: {ward, complete, average, single}, Default: complete
    metric___OPTICS, Type: Categorical, Choices: {minkowski, euclidean, manhattan, l1, l2, cosine}, Default: minkowski
    min_samples___DBSCAN, Type: UniformInteger, Range: [5, 100], Default: 5
    min_samples___OPTICS, Type: UniformInteger, Range: [5, 1000], Default: 100
    n_clusters___AgglomerativeClustering, Type: UniformInteger, Range: [1, 80], Default: 10
    n_clusters___Birch, Type: UniformInteger, Range: [1, 80], Default: 5
    n_clusters___KMeans, Type: UniformInteger, Range: [1, 80], Default: 5
    n_clusters___MiniBatchKMeans, Type: UniformInteger, Range: [1, 80], Default: 10
    n_clusters___SpectralClustering, Type: UniformInteger, Range: [1, 80], Default: 10
    n_components___FastICA, Type: Ordinal, Sequence: {2, 3}, Default: 2
    n_components___GaussianMixture, Type: UniformInteger, Range: [1, 80], Default: 5
    n_components___IncrementalPCA, Type: Ordinal, Sequence: {2, 3}, Default: 2
    n_components___KernelPCA, Type: Ordinal, Sequence: {2, 3, 4, 5, 6, 7, 8, 9}, Default: 2
    n_components___PCA, Type: Ordinal, Sequence: {2, 3}, Default: 2
    n_components___TSNE, Type: Ordinal, Sequence: {2}, Default: 2
    n_components___TruncatedSVD, Type: Ordinal, Sequence: {2, 3, 4, 5, 6, 7, 8, 9}, Default: 2
    perplexity___TSNE, Type: UniformFloat, Range: [1.0, 300.0], Default: 30.0
    random_state___NullModel, Type: Ordinal, Sequence: {0, 1}, Default: 1
    svd_solver___PCA, Type: Categorical, Choices: {auto, full, arpack, randomized}, Default: auto
    warm_start___GaussianMixture, Type: Categorical, Choices: {True, False}, Default: False
    whiten___FastICA, Type: Categorical, Choices: {True, False}, Default: True
    whiten___IncrementalPCA, Type: Categorical, Choices: {True, False}, Default: False
    whiten___PCA, Type: Categorical, Choices: {True, False}, Default: False
  Conditions:
    affinity___AffinityPropagation | clustering_choice in {'AffinityPropagation'}
    affinity___AgglomerativeClustering | clustering_choice in {'AgglomerativeClustering'}
    affinity___SpectralClustering | clustering_choice in {'SpectralClustering'}
    algorithm___FastICA | dim_reduction_choice in {'FastICA'}
    algorithm___TruncatedSVD | dim_reduction_choice in {'TruncatedSVD'}
    assign_labels___SpectralClustering | clustering_choice in {'SpectralClustering'}
    bandwidth___MeanShift | clustering_choice in {'MeanShift'}
    batch_size___IncrementalPCA | dim_reduction_choice in {'IncrementalPCA'}
    batch_size___MiniBatchKMeans | clustering_choice in {'MiniBatchKMeans'}
    bin_seeding___MeanShift | clustering_choice in {'MeanShift'}
    branching_factor___Birch | clustering_choice in {'Birch'}
    cluster_method___OPTICS | clustering_choice in {'OPTICS'}
    covariance_type___GaussianMixture | clustering_choice in {'GaussianMixture'}
    damping___AffinityPropagation | clustering_choice in {'AffinityPropagation'}
    early_exaggeration___TSNE | dim_reduction_choice in {'TSNE'}
    eigen_solver___SpectralClustering | clustering_choice in {'SpectralClustering'}
    eps___DBSCAN | clustering_choice in {'DBSCAN'}
    fun___FastICA | dim_reduction_choice in {'FastICA'}
    init_params___GaussianMixture | clustering_choice in {'GaussianMixture'}
    kernel___KernelPCA | dim_reduction_choice in {'KernelPCA'}
    linkage___AgglomerativeClustering | clustering_choice in {'AgglomerativeClustering'}
    metric___OPTICS | clustering_choice in {'OPTICS'}
    min_samples___DBSCAN | clustering_choice in {'DBSCAN'}
    min_samples___OPTICS | clustering_choice in {'OPTICS'}
    n_clusters___AgglomerativeClustering | clustering_choice in {'AgglomerativeClustering'}
    n_clusters___Birch | clustering_choice in {'Birch'}
    n_clusters___KMeans | clustering_choice in {'KMeans'}
    n_clusters___MiniBatchKMeans | clustering_choice in {'MiniBatchKMeans'}
    n_clusters___SpectralClustering | clustering_choice in {'SpectralClustering'}
    n_components___FastICA | dim_reduction_choice in {'FastICA'}
    n_components___GaussianMixture | clustering_choice in {'GaussianMixture'}
    n_components___IncrementalPCA | dim_reduction_choice in {'IncrementalPCA'}
    n_components___KernelPCA | dim_reduction_choice in {'KernelPCA'}
    n_components___PCA | dim_reduction_choice in {'PCA'}
    n_components___TSNE | dim_reduction_choice in {'TSNE'}
    n_components___TruncatedSVD | dim_reduction_choice in {'TruncatedSVD'}
    perplexity___TSNE | dim_reduction_choice in {'TSNE'}
    random_state___NullModel | dim_reduction_choice in {'NullModel'}
    svd_solver___PCA | dim_reduction_choice in {'PCA'}
    warm_start___GaussianMixture | clustering_choice in {'GaussianMixture'}
    whiten___FastICA | dim_reduction_choice in {'FastICA'}
    whiten___IncrementalPCA | dim_reduction_choice in {'IncrementalPCA'}
    whiten___PCA | dim_reduction_choice in {'PCA'}
  Forbidden Clauses:
    (Forbidden: linkage___AgglomerativeClustering == 'ward' && Forbidden: affinity___AgglomerativeClustering in {'cityblock', 'cosine', 'l1', 'l2', 'manhattan'})
, 'run_obj': 'quality', 'output_dir': 'log//metalearning_bechmark_2-2019-07-26_21-39-00-32442/smac-2019-07-26_21-39-00-60452', 'cutoff_time': 1000, 'abort_on_first_run_crash': False, 'runcount-limit': 160, 'deterministic': 'true'}
2019-07-26 20:39:00,609 INFO - smac.facade.smac_facade.SMAC - Optimizing a deterministic scenario for quality without a tuner timeout - will make SMAC deterministic!
2019-07-26 20:39:00,618 INFO - __main__ - Fitting configuration: 
{'perplexity___TSNE': 30.0, 'n_components___TSNE': 2, 'n_clusters___KMeans': 5, 'early_exaggeration___TSNE': 12.0, 'dim_reduction_choice': 'TSNE', 'clustering_choice': 'KMeans'}
